1727943776.808474 client started (7225): version 3.4, socket /tmp/tmux-1000/default, protocol 8
1727943776.808500 on Linux 5.15.153.1-microsoft-standard-WSL2 #1 SMP Fri Mar 29 23:14:13 UTC 2024
1727943776.808503 using libevent 2.1.12-stable poll
1727943776.808505 using ncurses 6.4 20240414
1727943776.808517 flags are 0x10010000
1727943776.808527 socket is /tmp/tmux-1000/default
1727943776.808539 trying connect
1727943776.808604 add peer 0x556f085c1d20: 6 ((nil))
1727943776.808775 sending message 100 to peer 0x556f085c1d20 (4 bytes)
1727943776.808781 sending message 111 to peer 0x556f085c1d20 (8 bytes)
1727943776.808784 sending message 101 to peer 0x556f085c1d20 (14 bytes)
1727943776.808787 sending message 109 to peer 0x556f085c1d20 (4 bytes)
1727943776.808790 sending message 102 to peer 0x556f085c1d20 (11 bytes)
1727943776.808793 sending message 108 to peer 0x556f085c1d20 (24 bytes)
1727943776.808796 sending message 112 to peer 0x556f085c1d20 (70 bytes)
1727943776.808799 sending message 112 to peer 0x556f085c1d20 (5 bytes)
1727943776.808802 sending message 112 to peer 0x556f085c1d20 (5 bytes)
1727943776.808805 sending message 112 to peer 0x556f085c1d20 (6 bytes)
1727943776.808807 sending message 112 to peer 0x556f085c1d20 (6 bytes)
1727943776.808810 sending message 112 to peer 0x556f085c1d20 (11 bytes)
1727943776.808813 sending message 112 to peer 0x556f085c1d20 (10 bytes)
1727943776.808816 sending message 112 to peer 0x556f085c1d20 (13 bytes)
1727943776.808819 sending message 112 to peer 0x556f085c1d20 (13 bytes)
1727943776.808822 sending message 112 to peer 0x556f085c1d20 (18 bytes)
1727943776.808825 sending message 112 to peer 0x556f085c1d20 (11 bytes)
1727943776.808828 sending message 112 to peer 0x556f085c1d20 (10 bytes)
1727943776.808830 sending message 112 to peer 0x556f085c1d20 (15 bytes)
1727943776.808833 sending message 112 to peer 0x556f085c1d20 (21 bytes)
1727943776.808836 sending message 112 to peer 0x556f085c1d20 (13 bytes)
1727943776.808839 sending message 112 to peer 0x556f085c1d20 (7 bytes)
1727943776.808842 sending message 112 to peer 0x556f085c1d20 (13 bytes)
1727943776.808845 sending message 112 to peer 0x556f085c1d20 (7 bytes)
1727943776.808848 sending message 112 to peer 0x556f085c1d20 (13 bytes)
1727943776.808850 sending message 112 to peer 0x556f085c1d20 (9 bytes)
1727943776.808853 sending message 112 to peer 0x556f085c1d20 (21 bytes)
1727943776.808856 sending message 112 to peer 0x556f085c1d20 (13 bytes)
1727943776.808859 sending message 112 to peer 0x556f085c1d20 (8 bytes)
1727943776.808862 sending message 112 to peer 0x556f085c1d20 (12 bytes)
1727943776.808865 sending message 112 to peer 0x556f085c1d20 (13 bytes)
1727943776.808868 sending message 112 to peer 0x556f085c1d20 (9 bytes)
1727943776.808871 sending message 112 to peer 0x556f085c1d20 (9 bytes)
1727943776.808873 sending message 112 to peer 0x556f085c1d20 (12 bytes)
1727943776.808876 sending message 112 to peer 0x556f085c1d20 (8 bytes)
1727943776.808879 sending message 112 to peer 0x556f085c1d20 (8 bytes)
1727943776.808882 sending message 112 to peer 0x556f085c1d20 (7 bytes)
1727943776.808885 sending message 112 to peer 0x556f085c1d20 (7 bytes)
1727943776.808888 sending message 112 to peer 0x556f085c1d20 (9 bytes)
1727943776.808891 sending message 112 to peer 0x556f085c1d20 (13 bytes)
1727943776.808894 sending message 112 to peer 0x556f085c1d20 (6 bytes)
1727943776.808896 sending message 112 to peer 0x556f085c1d20 (9 bytes)
1727943776.808899 sending message 112 to peer 0x556f085c1d20 (15 bytes)
1727943776.808902 sending message 112 to peer 0x556f085c1d20 (13 bytes)
1727943776.808905 sending message 112 to peer 0x556f085c1d20 (12 bytes)
1727943776.808908 sending message 112 to peer 0x556f085c1d20 (8 bytes)
1727943776.808911 sending message 112 to peer 0x556f085c1d20 (14 bytes)
1727943776.808914 sending message 112 to peer 0x556f085c1d20 (11 bytes)
1727943776.808917 sending message 112 to peer 0x556f085c1d20 (9 bytes)
1727943776.808920 sending message 112 to peer 0x556f085c1d20 (10 bytes)
1727943776.808922 sending message 112 to peer 0x556f085c1d20 (10 bytes)
1727943776.808931 sending message 112 to peer 0x556f085c1d20 (10 bytes)
1727943776.808934 sending message 112 to peer 0x556f085c1d20 (10 bytes)
1727943776.808937 sending message 112 to peer 0x556f085c1d20 (11 bytes)
1727943776.808940 sending message 112 to peer 0x556f085c1d20 (12 bytes)
1727943776.808943 sending message 112 to peer 0x556f085c1d20 (12 bytes)
1727943776.808946 sending message 112 to peer 0x556f085c1d20 (12 bytes)
1727943776.808948 sending message 112 to peer 0x556f085c1d20 (12 bytes)
1727943776.808951 sending message 112 to peer 0x556f085c1d20 (12 bytes)
1727943776.808954 sending message 112 to peer 0x556f085c1d20 (11 bytes)
1727943776.808957 sending message 112 to peer 0x556f085c1d20 (11 bytes)
1727943776.808960 sending message 112 to peer 0x556f085c1d20 (12 bytes)
1727943776.808963 sending message 112 to peer 0x556f085c1d20 (12 bytes)
1727943776.808966 sending message 112 to peer 0x556f085c1d20 (12 bytes)
1727943776.808969 sending message 112 to peer 0x556f085c1d20 (12 bytes)
1727943776.808971 sending message 112 to peer 0x556f085c1d20 (12 bytes)
1727943776.808974 sending message 112 to peer 0x556f085c1d20 (10 bytes)
1727943776.808977 sending message 112 to peer 0x556f085c1d20 (12 bytes)
1727943776.808980 sending message 112 to peer 0x556f085c1d20 (13 bytes)
1727943776.808983 sending message 112 to peer 0x556f085c1d20 (13 bytes)
1727943776.808986 sending message 112 to peer 0x556f085c1d20 (13 bytes)
1727943776.808989 sending message 112 to peer 0x556f085c1d20 (13 bytes)
1727943776.808992 sending message 112 to peer 0x556f085c1d20 (13 bytes)
1727943776.808994 sending message 112 to peer 0x556f085c1d20 (8 bytes)
1727943776.808997 sending message 112 to peer 0x556f085c1d20 (11 bytes)
1727943776.809000 sending message 112 to peer 0x556f085c1d20 (11 bytes)
1727943776.809003 sending message 112 to peer 0x556f085c1d20 (11 bytes)
1727943776.809006 sending message 112 to peer 0x556f085c1d20 (12 bytes)
1727943776.809009 sending message 112 to peer 0x556f085c1d20 (12 bytes)
1727943776.809012 sending message 112 to peer 0x556f085c1d20 (12 bytes)
1727943776.809015 sending message 112 to peer 0x556f085c1d20 (12 bytes)
1727943776.809018 sending message 112 to peer 0x556f085c1d20 (13 bytes)
1727943776.809020 sending message 112 to peer 0x556f085c1d20 (13 bytes)
1727943776.809023 sending message 112 to peer 0x556f085c1d20 (13 bytes)
1727943776.809026 sending message 112 to peer 0x556f085c1d20 (8 bytes)
1727943776.809029 sending message 112 to peer 0x556f085c1d20 (13 bytes)
1727943776.809032 sending message 112 to peer 0x556f085c1d20 (13 bytes)
1727943776.809035 sending message 112 to peer 0x556f085c1d20 (13 bytes)
1727943776.809038 sending message 112 to peer 0x556f085c1d20 (13 bytes)
1727943776.809041 sending message 112 to peer 0x556f085c1d20 (13 bytes)
1727943776.809043 sending message 112 to peer 0x556f085c1d20 (12 bytes)
1727943776.809046 sending message 112 to peer 0x556f085c1d20 (12 bytes)
1727943776.809049 sending message 112 to peer 0x556f085c1d20 (12 bytes)
1727943776.809052 sending message 112 to peer 0x556f085c1d20 (12 bytes)
1727943776.809055 sending message 112 to peer 0x556f085c1d20 (13 bytes)
1727943776.809058 sending message 112 to peer 0x556f085c1d20 (8 bytes)
1727943776.809061 sending message 112 to peer 0x556f085c1d20 (13 bytes)
1727943776.809064 sending message 112 to peer 0x556f085c1d20 (13 bytes)
1727943776.809067 sending message 112 to peer 0x556f085c1d20 (13 bytes)
1727943776.809069 sending message 112 to peer 0x556f085c1d20 (13 bytes)
1727943776.809072 sending message 112 to peer 0x556f085c1d20 (13 bytes)
1727943776.809075 sending message 112 to peer 0x556f085c1d20 (13 bytes)
1727943776.809078 sending message 112 to peer 0x556f085c1d20 (13 bytes)
1727943776.809081 sending message 112 to peer 0x556f085c1d20 (12 bytes)
1727943776.809084 sending message 112 to peer 0x556f085c1d20 (12 bytes)
1727943776.809087 sending message 112 to peer 0x556f085c1d20 (12 bytes)
1727943776.809090 sending message 112 to peer 0x556f085c1d20 (8 bytes)
1727943776.809092 sending message 112 to peer 0x556f085c1d20 (12 bytes)
1727943776.809099 sending message 112 to peer 0x556f085c1d20 (13 bytes)
1727943776.809102 sending message 112 to peer 0x556f085c1d20 (13 bytes)
1727943776.809105 sending message 112 to peer 0x556f085c1d20 (13 bytes)
1727943776.809108 sending message 112 to peer 0x556f085c1d20 (13 bytes)
1727943776.809111 sending message 112 to peer 0x556f085c1d20 (13 bytes)
1727943776.809113 sending message 112 to peer 0x556f085c1d20 (13 bytes)
1727943776.809116 sending message 112 to peer 0x556f085c1d20 (13 bytes)
1727943776.809119 sending message 112 to peer 0x556f085c1d20 (13 bytes)
1727943776.809122 sending message 112 to peer 0x556f085c1d20 (12 bytes)
1727943776.809125 sending message 112 to peer 0x556f085c1d20 (10 bytes)
1727943776.809128 sending message 112 to peer 0x556f085c1d20 (12 bytes)
1727943776.809131 sending message 112 to peer 0x556f085c1d20 (12 bytes)
1727943776.809134 sending message 112 to peer 0x556f085c1d20 (12 bytes)
1727943776.809136 sending message 112 to peer 0x556f085c1d20 (13 bytes)
1727943776.809139 sending message 112 to peer 0x556f085c1d20 (13 bytes)
1727943776.809142 sending message 112 to peer 0x556f085c1d20 (13 bytes)
1727943776.809145 sending message 112 to peer 0x556f085c1d20 (13 bytes)
1727943776.809148 sending message 112 to peer 0x556f085c1d20 (13 bytes)
1727943776.809151 sending message 112 to peer 0x556f085c1d20 (13 bytes)
1727943776.809154 sending message 112 to peer 0x556f085c1d20 (13 bytes)
1727943776.809157 sending message 112 to peer 0x556f085c1d20 (10 bytes)
1727943776.809159 sending message 112 to peer 0x556f085c1d20 (13 bytes)
1727943776.809162 sending message 112 to peer 0x556f085c1d20 (12 bytes)
1727943776.809165 sending message 112 to peer 0x556f085c1d20 (12 bytes)
1727943776.809168 sending message 112 to peer 0x556f085c1d20 (12 bytes)
1727943776.809171 sending message 112 to peer 0x556f085c1d20 (10 bytes)
1727943776.809174 sending message 112 to peer 0x556f085c1d20 (10 bytes)
1727943776.809177 sending message 112 to peer 0x556f085c1d20 (10 bytes)
1727943776.809180 sending message 112 to peer 0x556f085c1d20 (12 bytes)
1727943776.809182 sending message 112 to peer 0x556f085c1d20 (13 bytes)
1727943776.809185 sending message 112 to peer 0x556f085c1d20 (13 bytes)
1727943776.809188 sending message 112 to peer 0x556f085c1d20 (13 bytes)
1727943776.809191 sending message 112 to peer 0x556f085c1d20 (13 bytes)
1727943776.809194 sending message 112 to peer 0x556f085c1d20 (13 bytes)
1727943776.809197 sending message 112 to peer 0x556f085c1d20 (11 bytes)
1727943776.809200 sending message 112 to peer 0x556f085c1d20 (11 bytes)
1727943776.809203 sending message 112 to peer 0x556f085c1d20 (12 bytes)
1727943776.809205 sending message 112 to peer 0x556f085c1d20 (12 bytes)
1727943776.809208 sending message 112 to peer 0x556f085c1d20 (12 bytes)
1727943776.809211 sending message 112 to peer 0x556f085c1d20 (12 bytes)
1727943776.809214 sending message 112 to peer 0x556f085c1d20 (12 bytes)
1727943776.809217 sending message 112 to peer 0x556f085c1d20 (11 bytes)
1727943776.809220 sending message 112 to peer 0x556f085c1d20 (12 bytes)
1727943776.809223 sending message 112 to peer 0x556f085c1d20 (12 bytes)
1727943776.809226 sending message 112 to peer 0x556f085c1d20 (13 bytes)
1727943776.809228 sending message 112 to peer 0x556f085c1d20 (13 bytes)
1727943776.809231 sending message 112 to peer 0x556f085c1d20 (13 bytes)
1727943776.809234 sending message 112 to peer 0x556f085c1d20 (13 bytes)
1727943776.809237 sending message 112 to peer 0x556f085c1d20 (13 bytes)
1727943776.809240 sending message 112 to peer 0x556f085c1d20 (10 bytes)
1727943776.809243 sending message 112 to peer 0x556f085c1d20 (9 bytes)
1727943776.809246 sending message 112 to peer 0x556f085c1d20 (12 bytes)
1727943776.809249 sending message 112 to peer 0x556f085c1d20 (13 bytes)
1727943776.809251 sending message 112 to peer 0x556f085c1d20 (13 bytes)
1727943776.809254 sending message 112 to peer 0x556f085c1d20 (13 bytes)
1727943776.809257 sending message 112 to peer 0x556f085c1d20 (13 bytes)
1727943776.809260 sending message 112 to peer 0x556f085c1d20 (13 bytes)
1727943776.809266 sending message 112 to peer 0x556f085c1d20 (9 bytes)
1727943776.809269 sending message 112 to peer 0x556f085c1d20 (12 bytes)
1727943776.809272 sending message 112 to peer 0x556f085c1d20 (13 bytes)
1727943776.809275 sending message 112 to peer 0x556f085c1d20 (13 bytes)
1727943776.809278 sending message 112 to peer 0x556f085c1d20 (13 bytes)
1727943776.809281 sending message 112 to peer 0x556f085c1d20 (13 bytes)
1727943776.809284 sending message 112 to peer 0x556f085c1d20 (13 bytes)
1727943776.809287 sending message 112 to peer 0x556f085c1d20 (11 bytes)
1727943776.809289 sending message 112 to peer 0x556f085c1d20 (12 bytes)
1727943776.809292 sending message 112 to peer 0x556f085c1d20 (13 bytes)
1727943776.809295 sending message 112 to peer 0x556f085c1d20 (13 bytes)
1727943776.809298 sending message 112 to peer 0x556f085c1d20 (13 bytes)
1727943776.809301 sending message 112 to peer 0x556f085c1d20 (13 bytes)
1727943776.809304 sending message 112 to peer 0x556f085c1d20 (13 bytes)
1727943776.809307 sending message 112 to peer 0x556f085c1d20 (11 bytes)
1727943776.809310 sending message 112 to peer 0x556f085c1d20 (12 bytes)
1727943776.809313 sending message 112 to peer 0x556f085c1d20 (12 bytes)
1727943776.809315 sending message 112 to peer 0x556f085c1d20 (12 bytes)
1727943776.809318 sending message 112 to peer 0x556f085c1d20 (12 bytes)
1727943776.809321 sending message 112 to peer 0x556f085c1d20 (12 bytes)
1727943776.809324 sending message 112 to peer 0x556f085c1d20 (21 bytes)
1727943776.809327 sending message 112 to peer 0x556f085c1d20 (12 bytes)
1727943776.809330 sending message 112 to peer 0x556f085c1d20 (9 bytes)
1727943776.809333 sending message 112 to peer 0x556f085c1d20 (6 bytes)
1727943776.809336 sending message 112 to peer 0x556f085c1d20 (13 bytes)
1727943776.809339 sending message 112 to peer 0x556f085c1d20 (8 bytes)
1727943776.809342 sending message 112 to peer 0x556f085c1d20 (15 bytes)
1727943776.809345 sending message 112 to peer 0x556f085c1d20 (13 bytes)
1727943776.809348 sending message 112 to peer 0x556f085c1d20 (9 bytes)
1727943776.809351 sending message 112 to peer 0x556f085c1d20 (70 bytes)
1727943776.809354 sending message 112 to peer 0x556f085c1d20 (69 bytes)
1727943776.809357 sending message 112 to peer 0x556f085c1d20 (10 bytes)
1727943776.809360 sending message 112 to peer 0x556f085c1d20 (10 bytes)
1727943776.809363 sending message 112 to peer 0x556f085c1d20 (8 bytes)
1727943776.809366 sending message 112 to peer 0x556f085c1d20 (15 bytes)
1727943776.809368 sending message 112 to peer 0x556f085c1d20 (13 bytes)
1727943776.809371 sending message 112 to peer 0x556f085c1d20 (10 bytes)
1727943776.809374 sending message 112 to peer 0x556f085c1d20 (10 bytes)
1727943776.809377 sending message 112 to peer 0x556f085c1d20 (17 bytes)
1727943776.809380 sending message 112 to peer 0x556f085c1d20 (10 bytes)
1727943776.809383 sending message 112 to peer 0x556f085c1d20 (13 bytes)
1727943776.809386 sending message 112 to peer 0x556f085c1d20 (9 bytes)
1727943776.809389 sending message 112 to peer 0x556f085c1d20 (5 bytes)
1727943776.809392 sending message 112 to peer 0x556f085c1d20 (15 bytes)
1727943776.809396 sending message 104 to peer 0x556f085c1d20 (0 bytes)
1727943776.809399 sending message 110 to peer 0x556f085c1d20 (0 bytes)
1727943776.809402 sending message 107 to peer 0x556f085c1d20 (4 bytes)
1727943776.809405 sending message 105 to peer 0x556f085c1d20 (28 bytes)
1727943776.809408 sending message 105 to peer 0x556f085c1d20 (18 bytes)
1727943776.809411 sending message 105 to peer 0x556f085c1d20 (11 bytes)
1727943776.809414 sending message 105 to peer 0x556f085c1d20 (18 bytes)
1727943776.809417 sending message 105 to peer 0x556f085c1d20 (32 bytes)
1727943776.809420 sending message 105 to peer 0x556f085c1d20 (38 bytes)
1727943776.809423 sending message 105 to peer 0x556f085c1d20 (54 bytes)
1727943776.809426 sending message 105 to peer 0x556f085c1d20 (16 bytes)
1727943776.809429 sending message 105 to peer 0x556f085c1d20 (16 bytes)
1727943776.809432 sending message 105 to peer 0x556f085c1d20 (40 bytes)
1727943776.809438 sending message 105 to peer 0x556f085c1d20 (19 bytes)
1727943776.809441 sending message 105 to peer 0x556f085c1d20 (26 bytes)
1727943776.809444 sending message 105 to peer 0x556f085c1d20 (20 bytes)
1727943776.809447 sending message 105 to peer 0x556f085c1d20 (13 bytes)
1727943776.809449 sending message 105 to peer 0x556f085c1d20 (35 bytes)
1727943776.809452 sending message 105 to peer 0x556f085c1d20 (20 bytes)
1727943776.809455 sending message 105 to peer 0x556f085c1d20 (13 bytes)
1727943776.809458 sending message 105 to peer 0x556f085c1d20 (16 bytes)
1727943776.809461 sending message 105 to peer 0x556f085c1d20 (33 bytes)
1727943776.809464 sending message 105 to peer 0x556f085c1d20 (26 bytes)
1727943776.809467 sending message 105 to peer 0x556f085c1d20 (58 bytes)
1727943776.809470 sending message 105 to peer 0x556f085c1d20 (2366 bytes)
1727943776.809479 sending message 105 to peer 0x556f085c1d20 (10 bytes)
1727943776.809482 sending message 105 to peer 0x556f085c1d20 (24 bytes)
1727943776.809485 sending message 105 to peer 0x556f085c1d20 (25 bytes)
1727943776.809488 sending message 105 to peer 0x556f085c1d20 (8 bytes)
1727943776.809491 sending message 105 to peer 0x556f085c1d20 (21 bytes)
1727943776.809494 sending message 105 to peer 0x556f085c1d20 (23 bytes)
1727943776.809497 sending message 105 to peer 0x556f085c1d20 (17 bytes)
1727943776.809500 sending message 105 to peer 0x556f085c1d20 (236 bytes)
1727943776.809503 sending message 106 to peer 0x556f085c1d20 (0 bytes)
1727943776.809565 sending message 200 to peer 0x556f085c1d20 (4 bytes)
1727943776.809572 client loop enter
1727943776.809977 peer 0x556f085c1d20 message 303
1727943776.809986 open write file 2 -
1727943776.809993 sending message 305 to peer 0x556f085c1d20 (8 bytes)
1727943776.810049 write check file 2
1727943776.810250 peer 0x556f085c1d20 message 304
1727943776.810266 write 58 to file 2
1727943776.810275 peer 0x556f085c1d20 message 203
1727943776.810282 file 2 58 bytes left
1727943776.810373 write check file 2
1727943776.810387 client loop exit
